Flow report for HW03
Sat Mar 09 23:21:18 2019
Quartus II 64-Bit Version 13.1.0 Build 162 10/23/2013 SJ Web Edition


---------------------
; Table of Contents ;
---------------------
  1. Legal Notice
  2. Flow Summary
  3. Flow Settings
  4. Flow Non-Default Global Settings
  5. Flow Elapsed Time
  6. Flow OS Summary
  7. Flow Log
  8. Flow Messages
  9. Flow Suppressed Messages



----------------
; Legal Notice ;
----------------
Copyright (C) 1991-2013 Altera Corporation
Your use of Altera Corporation's design tools, logic functions 
and other software and tools, and its AMPP partner logic 
functions, and any output files from any of the foregoing 
(including device programming or simulation files), and any 
associated documentation or information are expressly subject 
to the terms and conditions of the Altera Program License 
Subscription Agreement, Altera MegaCore Function License 
Agreement, or other applicable license agreement, including, 
without limitation, that your use is for the sole purpose of 
programming logic devices manufactured by Altera and sold by 
Altera or its authorized distributors.  Please refer to the 
applicable agreement for further details.



+---------------------------------------------------------------------------------+
; Flow Summary                                                                    ;
+------------------------------------+--------------------------------------------+
; Flow Status                        ; Successful - Sat Mar 09 23:21:18 2019      ;
; Quartus II 64-Bit Version          ; 13.1.0 Build 162 10/23/2013 SJ Web Edition ;
; Revision Name                      ; HW03                                       ;
; Top-level Entity Name              ; alu32                                      ;
; Family                             ; Cyclone III                                ;
; Device                             ; EP3C16F484C6                               ;
; Timing Models                      ; Final                                      ;
; Total logic elements               ; 0 / 15,408 ( 0 % )                         ;
;     Total combinational functions  ; 0 / 15,408 ( 0 % )                         ;
;     Dedicated logic registers      ; 0 / 15,408 ( 0 % )                         ;
; Total registers                    ; 0                                          ;
; Total pins                         ; 33 / 347 ( 10 % )                          ;
; Total virtual pins                 ; 0                                          ;
; Total memory bits                  ; 0 / 516,096 ( 0 % )                        ;
; Embedded Multiplier 9-bit elements ; 0 / 112 ( 0 % )                            ;
; Total PLLs                         ; 0 / 4 ( 0 % )                              ;
+------------------------------------+--------------------------------------------+


+-----------------------------------------+
; Flow Settings                           ;
+-------------------+---------------------+
; Option            ; Setting             ;
+-------------------+---------------------+
; Start date & time ; 03/09/2019 23:20:49 ;
; Main task         ; Compilation         ;
; Revision Name     ; HW03                ;
+-------------------+---------------------+


+---------------------------------------------------------------------------------------------------------------------------------+
; Flow Non-Default Global Settings                                                                                                ;
+-------------------------------------+--------------------------------------------+---------------+-------------+----------------+
; Assignment Name                     ; Value                                      ; Default Value ; Entity Name ; Section Id     ;
+-------------------------------------+--------------------------------------------+---------------+-------------+----------------+
; COMPILER_SIGNATURE_ID               ; 84440835738910.155216284802776             ; --            ; --          ; --             ;
; EDA_OUTPUT_DATA_FORMAT              ; Verilog Hdl                                ; --            ; --          ; eda_simulation ;
; EDA_SIMULATION_TOOL                 ; ModelSim-Altera (Verilog)                  ; <None>        ; --          ; --             ;
; MAX_CORE_JUNCTION_TEMP              ; 85                                         ; --            ; --          ; --             ;
; MIN_CORE_JUNCTION_TEMP              ; 0                                          ; --            ; --          ; --             ;
; NOMINAL_CORE_SUPPLY_VOLTAGE         ; 1.2V                                       ; --            ; --          ; --             ;
; PARTITION_COLOR                     ; 16764057                                   ; --            ; alu32       ; Top            ;
; PARTITION_FITTER_PRESERVATION_LEVEL ; PLACEMENT_AND_ROUTING                      ; --            ; alu32       ; Top            ;
; PARTITION_NETLIST_TYPE              ; SOURCE                                     ; --            ; alu32       ; Top            ;
; POWER_BOARD_THERMAL_MODEL           ; None (CONSERVATIVE)                        ; --            ; --          ; --             ;
; POWER_PRESET_COOLING_SOLUTION       ; 23 MM HEAT SINK WITH 200 LFPM AIRFLOW      ; --            ; --          ; --             ;
; PROJECT_OUTPUT_DIRECTORY            ; output_files                               ; --            ; --          ; --             ;
; SEARCH_PATH                         ; modules/                                   ; --            ; --          ; --             ;
; SEARCH_PATH                         ; modules/TESTS/                             ; --            ; --          ; --             ;
; SEARCH_PATH                         ; modules/TESTS/main_tests/                  ; --            ; --          ; --             ;
; SEARCH_PATH                         ; modules/TESTS/sub_module_test/             ; --            ; --          ; --             ;
; SEARCH_PATH                         ; modules/TESTS/sub_module_test/adder/       ; --            ; --          ; --             ;
; SEARCH_PATH                         ; modules/TESTS/sub_module_test/test_muxes/  ; --            ; --          ; --             ;
; SEARCH_PATH                         ; modules/TESTS/sub_module_test/test_shifts/ ; --            ; --          ; --             ;
; SEARCH_PATH                         ; modules/sub_modules/                       ; --            ; --          ; --             ;
; SEARCH_PATH                         ; modules/sub_modules/add/                   ; --            ; --          ; --             ;
; SEARCH_PATH                         ; modules/sub_modules/alu32/                 ; --            ; --          ; --             ;
; SEARCH_PATH                         ; modules/sub_modules/muxes/                 ; --            ; --          ; --             ;
; SEARCH_PATH                         ; modules/sub_modules/shifts/                ; --            ; --          ; --             ;
; SEARCH_PATH                         ; simulation/modelsim/                       ; --            ; --          ; --             ;
; TOP_LEVEL_ENTITY                    ; alu32                                      ; HW03          ; --          ; --             ;
+-------------------------------------+--------------------------------------------+---------------+-------------+----------------+


+-------------------------------------------------------------------------------------------------------------------------------+
; Flow Elapsed Time                                                                                                             ;
+---------------------------+--------------+-------------------------+---------------------+------------------------------------+
; Module Name               ; Elapsed Time ; Average Processors Used ; Peak Virtual Memory ; Total CPU Time (on all processors) ;
+---------------------------+--------------+-------------------------+---------------------+------------------------------------+
; Analysis & Synthesis      ; 00:00:05     ; 1.0                     ; 4663 MB             ; 00:00:03                           ;
; Fitter                    ; 00:00:09     ; 1.0                     ; 4920 MB             ; 00:00:05                           ;
; Assembler                 ; 00:00:02     ; 1.0                     ; 4597 MB             ; 00:00:01                           ;
; TimeQuest Timing Analyzer ; 00:00:02     ; 1.0                     ; 4642 MB             ; 00:00:02                           ;
; EDA Netlist Writer        ; 00:00:01     ; 1.0                     ; 4547 MB             ; 00:00:01                           ;
; Total                     ; 00:00:19     ; --                      ; --                  ; 00:00:12                           ;
+---------------------------+--------------+-------------------------+---------------------+------------------------------------+


+----------------------------------------------------------------------------------------+
; Flow OS Summary                                                                        ;
+---------------------------+------------------+-----------+------------+----------------+
; Module Name               ; Machine Hostname ; OS Name   ; OS Version ; Processor type ;
+---------------------------+------------------+-----------+------------+----------------+
; Analysis & Synthesis      ; Halilullah       ; Windows 7 ; 6.2        ; x86_64         ;
; Fitter                    ; Halilullah       ; Windows 7 ; 6.2        ; x86_64         ;
; Assembler                 ; Halilullah       ; Windows 7 ; 6.2        ; x86_64         ;
; TimeQuest Timing Analyzer ; Halilullah       ; Windows 7 ; 6.2        ; x86_64         ;
; EDA Netlist Writer        ; Halilullah       ; Windows 7 ; 6.2        ; x86_64         ;
+---------------------------+------------------+-----------+------------+----------------+


------------
; Flow Log ;
------------
quartus_map --read_settings_files=on --write_settings_files=off HW03 -c HW03
quartus_fit --read_settings_files=off --write_settings_files=off HW03 -c HW03
quartus_asm --read_settings_files=off --write_settings_files=off HW03 -c HW03
quartus_sta HW03 -c HW03
quartus_eda --read_settings_files=off --write_settings_files=off HW03 -c HW03



